<?xml version="1.0" encoding="UTF-8"?>
<!-- Generated by org.testng.reporters.JUnitXMLReporter -->
<testsuite hostname="Notebook" name="Petition Details" tests="1" failures="1" timestamp="1 Oct 2015 11:44:03 GMT" time="14.896" errors="0">
  <testcase name="testCaseNo001" time="1.286" classname="CMCell.Petition_Details">
    <failure type="java.lang.AssertionError" message="expected [true] but found [false]">
      <![CDATA[java.lang.AssertionError: expected [true] but found [false]
	at CMCell.Petition_Details.testCaseNo001(Petition_Details.java:56)
... Removed 29 stack frames]]>
    </failure>
  </testcase> <!-- testCaseNo001 -->
</testsuite> <!-- Petition Details -->
